<?xml version="1.0" encoding="UTF-8"?>
<testsuite name="Tests" tests="1" skipped="0" failures="0" errors="0" timestamp="2021-12-03T18:44:55" hostname="RAAM-ASUS" time="0.617">
  <properties/>
  <testcase name="removeObserver()" classname="Tests" time="0.617"/>
  <system-out><![CDATA[]]></system-out>
  <system-err><![CDATA[]]></system-err>
</testsuite>
